SF:lib\upcoming_games.dart
DA:14,1
DA:15,1
DA:16,4
DA:17,3
DA:18,1
DA:23,0
DA:24,0
DA:26,0
DA:27,0
DA:28,0
DA:30,0
DA:31,0
DA:32,0
DA:33,0
LF:14
LH:5
end_of_record
SF:lib\json_decoder.dart
DA:5,0
DA:6,0
DA:7,0
DA:8,0
LF:4
LH:0
end_of_record
SF:lib\game.dart
DA:8,2
LF:1
LH:1
end_of_record
SF:lib\url_creator.dart
DA:6,0
DA:7,0
DA:8,0
DA:10,0
DA:11,0
DA:13,0
DA:14,0
DA:16,0
DA:17,0
DA:19,0
DA:22,0
DA:23,0
DA:25,0
DA:26,0
LF:14
LH:0
end_of_record
SF:lib\game_parser.dart
DA:8,1
DA:9,1
DA:10,1
DA:11,1
DA:12,1
DA:13,1
DA:15,1
DA:18,2
DA:19,2
DA:20,2
DA:26,1
DA:27,1
DA:28,2
DA:30,0
DA:33,1
DA:34,1
DA:37,1
DA:41,2
DA:42,2
DA:44,2
DA:45,2
DA:46,2
DA:47,2
DA:48,2
DA:49,2
DA:50,2
DA:51,2
DA:52,2
DA:53,2
DA:55,6
DA:56,2
DA:57,2
DA:62,1
DA:63,2
DA:64,1
DA:65,5
DA:71,1
DA:72,2
DA:73,1
DA:75,1
DA:77,1
DA:79,1
DA:81,1
DA:83,0
DA:85,0
DA:87,0
DA:89,0
DA:91,0
DA:93,0
DA:95,0
LF:50
LH:42
end_of_record
